# JRE version: Java(TM) SE Runtime Environment 18.9 (11.0.14+8) (build 11.0.14+8-LTS-263)
# Java VM: Java HotSpot(TM) 64-Bit Server VM 18.9 (11.0.14+8-LTS-263, mixed mode, tiered, compressed oops, g1 gc, windows-amd64)
Heap:
 garbage-first heap   total 284672K, used 158471K [0x0000000080000000, 0x0000000100000000)
  region size 1024K, 107 young (109568K), 10 survivors (10240K)
 Metaspace       used 49659K, capacity 51055K, committed 51272K, reserved 561152K
  class space    used 6282K, capacity 6845K, committed 6860K, reserved 516096K
GC Heap History (10 events):
Event: 20.072 GC heap before
{Heap before GC invocations=37 (full 0):
 garbage-first heap   total 196608K, used 165233K [0x0000000080000000, 0x0000000100000000)
  region size 1024K, 115 young (117760K), 8 survivors (8192K)
 Metaspace       used 49634K, capacity 51055K, committed 51272K, reserved 561152K
  class space    used 6282K, capacity 6845K, committed 6860K, reserved 516096K
}
Event: 20.080 GC heap after
{Heap after GC invocations=38 (full 0):
 garbage-first heap   total 236544K, used 56689K [0x0000000080000000, 0x0000000100000000)
  region size 1024K, 9 young (9216K), 9 survivors (9216K)
 Metaspace       used 49634K, capacity 51055K, committed 51272K, reserved 561152K
  class space    used 6282K, capacity 6845K, committed 6860K, reserved 516096K
}
Event: 20.475 GC heap before
{Heap before GC invocations=38 (full 0):
 garbage-first heap   total 236544K, used 188785K [0x0000000080000000, 0x0000000100000000)
  region size 1024K, 138 young (141312K), 9 survivors (9216K)
 Metaspace       used 49634K, capacity 51055K, committed 51272K, reserved 561152K
  class space    used 6282K, capacity 6845K, committed 6860K, reserved 516096K
}
Event: 20.482 GC heap after
{Heap after GC invocations=39 (full 0):
 garbage-first heap   total 236544K, used 57704K [0x0000000080000000, 0x0000000100000000)
  region size 1024K, 10 young (10240K), 10 survivors (10240K)
 Metaspace       used 49634K, capacity 51055K, committed 51272K, reserved 561152K
  class space    used 6282K, capacity 6845K, committed 6860K, reserved 516096K
}
Event: 20.755 GC heap before
{Heap before GC invocations=39 (full 0):
 garbage-first heap   total 236544K, used 188776K [0x0000000080000000, 0x0000000100000000)
  region size 1024K, 138 young (141312K), 10 survivors (10240K)
 Metaspace       used 49645K, capacity 51055K, committed 51272K, reserved 561152K
  class space    used 6282K, capacity 6845K, committed 6860K, reserved 516096K
}
Event: 20.762 GC heap after
{Heap after GC invocations=40 (full 0):
 garbage-first heap   total 236544K, used 58743K [0x0000000080000000, 0x0000000100000000)
  region size 1024K, 10 young (10240K), 10 survivors (10240K)
 Metaspace       used 49645K, capacity 51055K, committed 51272K, reserved 561152K
  class space    used 6282K, capacity 6845K, committed 6860K, reserved 516096K
}
Event: 21.081 GC heap before
{Heap before GC invocations=40 (full 0):
 garbage-first heap   total 236544K, used 189815K [0x0000000080000000, 0x0000000100000000)
  region size 1024K, 138 young (141312K), 10 survivors (10240K)
 Metaspace       used 49649K, capacity 51055K, committed 51272K, reserved 561152K
  class space    used 6282K, capacity 6845K, committed 6860K, reserved 516096K
}
Event: 21.088 GC heap after
{Heap after GC invocations=41 (full 0):
 garbage-first heap   total 236544K, used 58904K [0x0000000080000000, 0x0000000100000000)
  region size 1024K, 10 young (10240K), 10 survivors (10240K)
 Metaspace       used 49649K, capacity 51055K, committed 51272K, reserved 561152K
  class space    used 6282K, capacity 6845K, committed 6860K, reserved 516096K
}
Event: 21.580 GC heap before
{Heap before GC invocations=41 (full 0):
 garbage-first heap   total 236544K, used 189976K [0x0000000080000000, 0x0000000100000000)
  region size 1024K, 138 young (141312K), 10 survivors (10240K)
 Metaspace       used 49649K, capacity 51055K, committed 51272K, reserved 561152K
  class space    used 6282K, capacity 6845K, committed 6860K, reserved 516096K
}
Event: 21.589 GC heap after
{Heap after GC invocations=42 (full 0):
 garbage-first heap   total 284672K, used 60167K [0x0000000080000000, 0x0000000100000000)
  region size 1024K, 10 young (10240K), 10 survivors (10240K)
 Metaspace       used 49649K, capacity 51055K, committed 51272K, reserved 561152K
  class space    used 6282K, capacity 6845K, committed 6860K, reserved 516096K
}

