# JRE version: Java(TM) SE Runtime Environment 18.9 (11.0.14+8) (build 11.0.14+8-LTS-263)
# Java VM: Java HotSpot(TM) 64-Bit Server VM 18.9 (11.0.14+8-LTS-263, mixed mode, tiered, compressed oops, g1 gc, windows-amd64)
Heap:
 garbage-first heap   total 236544K, used 182628K [0x0000000080000000, 0x0000000100000000)
  region size 1024K, 17 young (17408K), 4 survivors (4096K)
 Metaspace       used 108308K, capacity 112365K, committed 112548K, reserved 614400K
  class space    used 14459K, capacity 16086K, committed 16168K, reserved 516096K
GC Heap History (10 events):
Event: 38.277 GC heap before
{Heap before GC invocations=44 (full 0):
 garbage-first heap   total 196608K, used 171933K [0x0000000080000000, 0x0000000100000000)
  region size 1024K, 14 young (14336K), 2 survivors (2048K)
 Metaspace       used 105846K, capacity 109894K, committed 110116K, reserved 612352K
  class space    used 14185K, capacity 15767K, committed 15784K, reserved 516096K
}
Event: 38.283 GC heap after
{Heap after GC invocations=45 (full 0):
 garbage-first heap   total 196608K, used 162386K [0x0000000080000000, 0x0000000100000000)
  region size 1024K, 2 young (2048K), 2 survivors (2048K)
 Metaspace       used 105846K, capacity 109894K, committed 110116K, reserved 612352K
  class space    used 14185K, capacity 15767K, committed 15784K, reserved 516096K
}
Event: 38.373 GC heap before
{Heap before GC invocations=46 (full 0):
 garbage-first heap   total 196608K, used 171602K [0x0000000080000000, 0x0000000100000000)
  region size 1024K, 11 young (11264K), 2 survivors (2048K)
 Metaspace       used 106360K, capacity 110419K, committed 110500K, reserved 612352K
  class space    used 14234K, capacity 15833K, committed 15912K, reserved 516096K
}
Event: 38.378 GC heap after
{Heap after GC invocations=47 (full 0):
 garbage-first heap   total 196608K, used 163634K [0x0000000080000000, 0x0000000100000000)
  region size 1024K, 2 young (2048K), 2 survivors (2048K)
 Metaspace       used 106360K, capacity 110419K, committed 110500K, reserved 612352K
  class space    used 14234K, capacity 15833K, committed 15912K, reserved 516096K
}
Event: 38.458 GC heap before
{Heap before GC invocations=47 (full 0):
 garbage-first heap   total 196608K, used 170802K [0x0000000080000000, 0x0000000100000000)
  region size 1024K, 9 young (9216K), 2 survivors (2048K)
 Metaspace       used 106640K, capacity 110760K, committed 111012K, reserved 612352K
  class space    used 14274K, capacity 15873K, committed 15912K, reserved 516096K
}
Event: 38.461 GC heap after
{Heap after GC invocations=48 (full 0):
 garbage-first heap   total 196608K, used 164864K [0x0000000080000000, 0x0000000100000000)
  region size 1024K, 2 young (2048K), 2 survivors (2048K)
 Metaspace       used 106640K, capacity 110760K, committed 111012K, reserved 612352K
  class space    used 14274K, capacity 15873K, committed 15912K, reserved 516096K
}
Event: 38.582 GC heap before
{Heap before GC invocations=48 (full 0):
 garbage-first heap   total 196608K, used 172032K [0x0000000080000000, 0x0000000100000000)
  region size 1024K, 9 young (9216K), 2 survivors (2048K)
 Metaspace       used 106718K, capacity 110862K, committed 111012K, reserved 612352K
  class space    used 14282K, capacity 15879K, committed 15912K, reserved 516096K
}
Event: 38.587 GC heap after
{Heap after GC invocations=49 (full 0):
 garbage-first heap   total 236544K, used 167075K [0x0000000080000000, 0x0000000100000000)
  region size 1024K, 2 young (2048K), 2 survivors (2048K)
 Metaspace       used 106718K, capacity 110862K, committed 111012K, reserved 612352K
  class space    used 14282K, capacity 15879K, committed 15912K, reserved 516096K
}
Event: 38.859 GC heap before
{Heap before GC invocations=50 (full 0):
 garbage-first heap   total 236544K, used 190627K [0x0000000080000000, 0x0000000100000000)
  region size 1024K, 25 young (25600K), 2 survivors (2048K)
 Metaspace       used 107909K, capacity 111966K, committed 112164K, reserved 612352K
  class space    used 14403K, capacity 16020K, committed 16040K, reserved 516096K
}
Event: 38.865 GC heap after
{Heap after GC invocations=51 (full 0):
 garbage-first heap   total 236544K, used 170340K [0x0000000080000000, 0x0000000100000000)
  region size 1024K, 4 young (4096K), 4 survivors (4096K)
 Metaspace       used 107909K, capacity 111966K, committed 112164K, reserved 612352K
  class space    used 14403K, capacity 16020K, committed 16040K, reserved 516096K
}

